[debug] [2024-02-20T12:19:59.917Z] ----------------------------------------------------------------------
[debug] [2024-02-20T12:19:59.932Z] Command:       C:\Program Files\nodejs\node.exe C:\Users\ravis\AppData\Roaming\npm\node_modules\firebase-tools\lib\bin\firebase.js init
[debug] [2024-02-20T12:19:59.933Z] CLI Version:   13.3.0
[debug] [2024-02-20T12:19:59.933Z] Platform:      win32
[debug] [2024-02-20T12:19:59.934Z] Node Version:  v20.9.0
[debug] [2024-02-20T12:19:59.934Z] Time:          Tue Feb 20 2024 17:49:59 GMT+0530 (India Standard Time)
[debug] [2024-02-20T12:19:59.934Z] ----------------------------------------------------------------------
[debug] 
[debug] [2024-02-20T12:19:59.947Z] > command requires scopes: ["email","openid","https://www.googleapis.com/auth/cloudplatformprojects.readonly","https://www.googleapis.com/auth/firebase","https://www.googleapis.com/auth/cloud-platform"]
[debug] [2024-02-20T12:19:59.948Z] > authorizing via signed-in user (ravisidd1122@gmail.com)
[info] 
     ######## #### ########  ######## ########     ###     ######  ########
     ##        ##  ##     ## ##       ##     ##  ##   ##  ##       ##
     ######    ##  ########  ######   ########  #########  ######  ######
     ##        ##  ##    ##  ##       ##     ## ##     ##       ## ##
     ##       #### ##     ## ######## ########  ##     ##  ######  ########

You're about to initialize a Firebase project in this directory:

  C:\Users\ravis\e-commerce_website\website

[info] 
=== Project Setup
[info] 
[info] First, let's associate this project directory with a Firebase project.
[info] You can create multiple project aliases by running firebase use --add, 
[info] but for now we'll just set up a default project.
[info] 
